<?xml version="1.0" encoding="utf-8"?><testsuites name="pytest tests"><testsuite name="pytest" errors="0" failures="0" skipped="0" tests="12" time="7.492" timestamp="2026-07-23T11:05:24.268863+00:00" hostname="agent-env-29d40b7c-6f22-4983-9d49-c32699c9fd83"><testcase classname="tests.test_p2_features.TestPasswordReset" name="test_forgot_unknown_email_returns_ok" time="0.142" /><testcase classname="tests.test_p2_features.TestWebSocketChat" name="test_ws_valid_receives_ready_and_message" time="2.337" /><testcase classname="tests.test_p2_features.TestPasswordReset" name="test_forgot_returns_reset_link_for_real_user" time="0.582" /><testcase classname="tests.test_p2_features.TestPasswordReset" name="test_reset_password_and_login_with_new" time="1.587" /><testcase classname="tests.test_p2_features.TestPasswordReset" name="test_reuse_token_returns_400" time="1.196" /><testcase classname="tests.test_p2_features.TestWebSocketChat" name="test_ws_invalid_token_closes" time="1.362" /><testcase classname="tests.test_p2_features.TestPasswordReset" name="test_invalid_token_returns_400" time="0.126" /><testcase classname="tests.test_p2_features.TestPasswordReset" name="test_short_password_validation" time="0.847" /><testcase classname="tests.test_p2_features.TestWebSocketChat" name="test_ws_non_participant_closes" time="1.838" /><testcase classname="tests.test_p2_features.TestReports" name="test_create_and_admin_flow" time="2.488" /><testcase classname="tests.test_p2_features.TestSmartMatch" name="test_matches_empty_when_no_skills" time="0.381" /><testcase classname="tests.test_p2_features.TestSmartMatch" name="test_matches_with_complementary_skills" time="1.091" /></testsuite></testsuites>