<?xml version="1.0" encoding="utf-8"?><testsuites name="pytest tests"><testsuite name="pytest" errors="0" failures="0" skipped="0" tests="9" time="5.183" timestamp="2026-07-23T10:50:49.058301+00:00" hostname="agent-env-29d40b7c-6f22-4983-9d49-c32699c9fd83"><testcase classname="tests.test_chat_files" name="test_upload_image_and_download" time="1.895" /><testcase classname="tests.test_chat_files" name="test_upload_pdf" time="0.806" /><testcase classname="tests.test_chat_files" name="test_upload_forbidden_non_participant" time="0.512" /><testcase classname="tests.test_chat_files" name="test_upload_before_accept" time="0.177" /><testcase classname="tests.test_chat_files" name="test_upload_unsupported_ext" time="0.113" /><testcase classname="tests.test_chat_files" name="test_upload_too_large" time="0.317" /><testcase classname="tests.test_chat_files" name="test_message_with_attachment_and_notification" time="0.657" /><testcase classname="tests.test_chat_files" name="test_message_empty_no_attachment_400" time="0.080" /><testcase classname="tests.test_chat_files" name="test_plain_text_message_regression" time="0.139" /></testsuite></testsuites>